I1216 17:59:19.648092 140321487697664 hlog.py:24] # --noTEST
I1216 17:59:19.648440 140321487697664 hlog.py:24] # --seed=0
I1216 17:59:19.648524 140321487697664 hlog.py:24] # --dataset=semparse
I1216 17:59:19.648598 140321487697664 hlog.py:24] # --model_dir=model
I1216 17:59:19.648669 140321487697664 hlog.py:24] # --n_checkpoint=10
I1216 17:59:19.648739 140321487697664 hlog.py:24] # --device=cuda:0
I1216 17:59:19.648808 140321487697664 hlog.py:24] # --nologtostderr
I1216 17:59:19.648877 140321487697664 hlog.py:24] # --noalsologtostderr
I1216 17:59:19.648946 140321487697664 hlog.py:24] # --log_dir=
I1216 17:59:19.649015 140321487697664 hlog.py:24] # --verbosity=0
I1216 17:59:19.649085 140321487697664 hlog.py:24] # --verbosity=0
I1216 17:59:19.649153 140321487697664 hlog.py:24] # --stderrthreshold=fatal
I1216 17:59:19.649221 140321487697664 hlog.py:24] # --showprefixforinfo
I1216 17:59:19.649290 140321487697664 hlog.py:24] # --nodedup
I1216 17:59:19.649358 140321487697664 hlog.py:24] # --wug_limit=50
I1216 17:59:19.649426 140321487697664 hlog.py:24] # --wug_size=4
I1216 17:59:19.649495 140321487697664 hlog.py:24] # --hard_comp_table
I1216 17:59:19.649562 140321487697664 hlog.py:24] # --nosoft_comp_table
I1216 17:59:19.649631 140321487697664 hlog.py:24] # --semparse_split=query
I1216 17:59:19.649698 140321487697664 hlog.py:24] # --semparse_dataset=geography-logic.txt
I1216 17:59:19.649767 140321487697664 hlog.py:24] # --semparse_mrl=logic
I1216 17:59:19.649836 140321487697664 hlog.py:24] # --val_fold=8
I1216 17:59:19.649904 140321487697664 hlog.py:24] # --test_fold=9
I1216 17:59:19.649972 140321487697664 hlog.py:24] # --n_emb=64
I1216 17:59:19.650041 140321487697664 hlog.py:24] # --n_enc=512
I1216 17:59:19.650109 140321487697664 hlog.py:24] # --dropout=0.2
I1216 17:59:19.650177 140321487697664 hlog.py:24] # --nocopy_sup
I1216 17:59:19.650245 140321487697664 hlog.py:24] # --n_epochs=100
I1216 17:59:19.650312 140321487697664 hlog.py:24] # --n_epoch_batches=32
I1216 17:59:19.650381 140321487697664 hlog.py:24] # --n_batch=64
I1216 17:59:19.650449 140321487697664 hlog.py:24] # --lr=0.0003
I1216 17:59:19.650517 140321487697664 hlog.py:24] # --clip=1.0
I1216 17:59:19.650586 140321487697664 hlog.py:24] # --sched_factor=1.0
I1216 17:59:19.650653 140321487697664 hlog.py:24] # --norun_with_pdb
I1216 17:59:19.650722 140321487697664 hlog.py:24] # --nopdb_post_mortem
I1216 17:59:19.650790 140321487697664 hlog.py:24] # --norun_with_profiling
I1216 17:59:19.650858 140321487697664 hlog.py:24] # --use_cprofile_for_profiling
I1216 17:59:19.650927 140321487697664 hlog.py:24] # --noonly_check_args
I1216 17:59:19.650995 140321487697664 hlog.py:24] # --nohelp
I1216 17:59:19.651063 140321487697664 hlog.py:24] # --nohelp
I1216 17:59:19.651131 140321487697664 hlog.py:24] # --nohelpshort
I1216 17:59:19.651199 140321487697664 hlog.py:24] # --nohelpfull
I1216 17:59:19.651267 140321487697664 hlog.py:24] # --nohelpxml
I1216 17:59:19.651335 140321487697664 hlog.py:24] # 
I1216 17:59:19.673621 140321487697664 hlog.py:32] train 543
I1216 17:59:19.673721 140321487697664 hlog.py:32] aug 0
I1216 18:00:24.825368 140321487697664 hlog.py:32] train/00000/loss 4.1473
I1216 18:00:24.825686 140321487697664 hlog.py:18] train/00000{3.77s}
I1216 18:00:28.271555 140321487697664 hlog.py:32] train/00001/loss 2.6584
I1216 18:00:28.271878 140321487697664 hlog.py:18] train/00001{3.45s}
I1216 18:00:31.873455 140321487697664 hlog.py:32] train/00002/loss 2.3104
I1216 18:00:31.873645 140321487697664 hlog.py:18] train/00002{3.60s}
I1216 18:00:35.439243 140321487697664 hlog.py:32] train/00003/loss 2.1669
I1216 18:00:35.439534 140321487697664 hlog.py:18] train/00003{3.57s}
I1216 18:00:38.946076 140321487697664 hlog.py:32] train/00004/loss 2.0560
I1216 18:00:38.946291 140321487697664 hlog.py:18] train/00004{3.51s}
I1216 18:00:42.422522 140321487697664 hlog.py:32] train/00005/loss 1.9358
I1216 18:00:42.422668 140321487697664 hlog.py:18] train/00005{3.48s}
I1216 18:00:46.005942 140321487697664 hlog.py:32] train/00006/loss 1.8759
I1216 18:00:46.006130 140321487697664 hlog.py:18] train/00006{3.58s}
I1216 18:00:49.556875 140321487697664 hlog.py:32] train/00007/loss 1.7783
I1216 18:00:49.557183 140321487697664 hlog.py:18] train/00007{3.55s}
I1216 18:00:53.009193 140321487697664 hlog.py:32] train/00008/loss 1.6270
I1216 18:00:53.009362 140321487697664 hlog.py:18] train/00008{3.45s}
I1216 18:00:56.555611 140321487697664 hlog.py:32] train/00009/loss 1.5756
I1216 18:00:56.555770 140321487697664 hlog.py:18] train/00009{3.55s}
I1216 18:01:00.115281 140321487697664 hlog.py:32] train/00010/loss 1.5214
I1216 18:01:00.115569 140321487697664 hlog.py:18] train/00010{3.56s}
I1216 18:01:03.673356 140321487697664 hlog.py:32] train/00011/loss 1.4164
I1216 18:01:03.673501 140321487697664 hlog.py:18] train/00011{3.56s}
I1216 18:01:07.252413 140321487697664 hlog.py:32] train/00012/loss 1.3482
I1216 18:01:07.252591 140321487697664 hlog.py:18] train/00012{3.58s}
I1216 18:01:10.766615 140321487697664 hlog.py:32] train/00013/loss 1.2930
I1216 18:01:10.766767 140321487697664 hlog.py:18] train/00013{3.51s}
I1216 18:01:14.326602 140321487697664 hlog.py:32] train/00014/loss 1.2632
I1216 18:01:14.326880 140321487697664 hlog.py:18] train/00014{3.56s}
I1216 18:01:17.859946 140321487697664 hlog.py:32] train/00015/loss 1.1814
I1216 18:01:17.860113 140321487697664 hlog.py:18] train/00015{3.53s}
I1216 18:01:21.415216 140321487697664 hlog.py:32] train/00016/loss 1.1532
I1216 18:01:21.415453 140321487697664 hlog.py:18] train/00016{3.55s}
I1216 18:01:24.884187 140321487697664 hlog.py:32] train/00017/loss 1.1450
I1216 18:01:24.884345 140321487697664 hlog.py:18] train/00017{3.47s}
I1216 18:01:28.459944 140321487697664 hlog.py:32] train/00018/loss 1.0998
I1216 18:01:28.460203 140321487697664 hlog.py:18] train/00018{3.58s}
I1216 18:01:32.008091 140321487697664 hlog.py:32] train/00019/loss 1.0875
I1216 18:01:32.008242 140321487697664 hlog.py:18] train/00019{3.55s}
I1216 18:01:35.541983 140321487697664 hlog.py:32] train/00020/loss 0.9971
I1216 18:01:35.542188 140321487697664 hlog.py:18] train/00020{3.53s}
I1216 18:01:39.079808 140321487697664 hlog.py:32] train/00021/loss 1.0103
I1216 18:01:39.079964 140321487697664 hlog.py:18] train/00021{3.54s}
I1216 18:01:42.591974 140321487697664 hlog.py:32] train/00022/loss 0.9423
I1216 18:01:42.592226 140321487697664 hlog.py:18] train/00022{3.51s}
I1216 18:01:46.066767 140321487697664 hlog.py:32] train/00023/loss 0.9559
I1216 18:01:46.066925 140321487697664 hlog.py:18] train/00023{3.47s}
I1216 18:01:49.585231 140321487697664 hlog.py:32] train/00024/loss 0.9212
I1216 18:01:49.585434 140321487697664 hlog.py:18] train/00024{3.52s}
I1216 18:01:53.098834 140321487697664 hlog.py:32] train/00025/loss 0.9212
I1216 18:01:53.098981 140321487697664 hlog.py:18] train/00025{3.51s}
I1216 18:01:56.673374 140321487697664 hlog.py:32] train/00026/loss 0.8837
I1216 18:01:56.673543 140321487697664 hlog.py:18] train/00026{3.57s}
I1216 18:02:00.230167 140321487697664 hlog.py:32] train/00027/loss 0.8637
I1216 18:02:00.230306 140321487697664 hlog.py:18] train/00027{3.56s}
I1216 18:02:03.826810 140321487697664 hlog.py:32] train/00028/loss 0.8238
I1216 18:02:03.826982 140321487697664 hlog.py:18] train/00028{3.60s}
I1216 18:02:07.353922 140321487697664 hlog.py:32] train/00029/loss 0.8085
I1216 18:02:07.354061 140321487697664 hlog.py:18] train/00029{3.53s}
I1216 18:02:10.847708 140321487697664 hlog.py:32] train/00030/loss 0.8103
I1216 18:02:10.847967 140321487697664 hlog.py:18] train/00030{3.49s}
I1216 18:02:14.339241 140321487697664 hlog.py:32] train/00031/loss 0.7955
I1216 18:02:14.339445 140321487697664 hlog.py:18] train/00031{3.49s}
I1216 18:02:17.820883 140321487697664 hlog.py:32] train/00032/loss 0.7854
I1216 18:02:17.821149 140321487697664 hlog.py:18] train/00032{3.48s}
I1216 18:02:21.377215 140321487697664 hlog.py:32] train/00033/loss 0.7625
I1216 18:02:21.377409 140321487697664 hlog.py:18] train/00033{3.56s}
I1216 18:02:24.850928 140321487697664 hlog.py:32] train/00034/loss 0.7363
I1216 18:02:24.851070 140321487697664 hlog.py:18] train/00034{3.47s}
I1216 18:02:28.426251 140321487697664 hlog.py:32] train/00035/loss 0.7334
I1216 18:02:28.426541 140321487697664 hlog.py:18] train/00035{3.58s}
I1216 18:02:31.964845 140321487697664 hlog.py:32] train/00036/loss 0.7268
I1216 18:02:31.964997 140321487697664 hlog.py:18] train/00036{3.54s}
I1216 18:02:35.472765 140321487697664 hlog.py:32] train/00037/loss 0.7241
I1216 18:02:35.473044 140321487697664 hlog.py:18] train/00037{3.51s}
I1216 18:02:38.950989 140321487697664 hlog.py:32] train/00038/loss 0.6856
I1216 18:02:38.951142 140321487697664 hlog.py:18] train/00038{3.48s}
I1216 18:02:42.507632 140321487697664 hlog.py:32] train/00039/loss 0.6687
I1216 18:02:42.507927 140321487697664 hlog.py:18] train/00039{3.56s}
I1216 18:02:46.083771 140321487697664 hlog.py:32] train/00040/loss 0.6861
I1216 18:02:46.083922 140321487697664 hlog.py:18] train/00040{3.58s}
I1216 18:02:49.699816 140321487697664 hlog.py:32] train/00041/loss 0.6591
I1216 18:02:49.700102 140321487697664 hlog.py:18] train/00041{3.62s}
I1216 18:02:53.243816 140321487697664 hlog.py:32] train/00042/loss 0.6600
I1216 18:02:53.243958 140321487697664 hlog.py:18] train/00042{3.54s}
I1216 18:02:56.777295 140321487697664 hlog.py:32] train/00043/loss 0.6328
I1216 18:02:56.777514 140321487697664 hlog.py:18] train/00043{3.53s}
I1216 18:03:00.318383 140321487697664 hlog.py:32] train/00044/loss 0.6281
I1216 18:03:00.318526 140321487697664 hlog.py:18] train/00044{3.54s}
I1216 18:03:03.852440 140321487697664 hlog.py:32] train/00045/loss 0.6080
I1216 18:03:03.852617 140321487697664 hlog.py:18] train/00045{3.53s}
I1216 18:03:07.384758 140321487697664 hlog.py:32] train/00046/loss 0.6090
I1216 18:03:07.384893 140321487697664 hlog.py:18] train/00046{3.53s}
I1216 18:03:10.930848 140321487697664 hlog.py:32] train/00047/loss 0.6055
I1216 18:03:10.931035 140321487697664 hlog.py:18] train/00047{3.55s}
I1216 18:03:14.545946 140321487697664 hlog.py:32] train/00048/loss 0.6117
I1216 18:03:14.546085 140321487697664 hlog.py:18] train/00048{3.61s}
I1216 18:03:18.020822 140321487697664 hlog.py:32] train/00049/loss 0.5672
I1216 18:03:18.020967 140321487697664 hlog.py:18] train/00049{3.47s}
I1216 18:03:21.598563 140321487697664 hlog.py:32] train/00050/loss 0.5842
I1216 18:03:21.598723 140321487697664 hlog.py:18] train/00050{3.58s}
I1216 18:03:25.182827 140321487697664 hlog.py:32] train/00051/loss 0.5720
I1216 18:03:25.183097 140321487697664 hlog.py:18] train/00051{3.58s}
I1216 18:03:28.828614 140321487697664 hlog.py:32] train/00052/loss 0.5417
I1216 18:03:28.828801 140321487697664 hlog.py:18] train/00052{3.65s}
I1216 18:03:32.336107 140321487697664 hlog.py:32] train/00053/loss 0.5606
I1216 18:03:32.336279 140321487697664 hlog.py:18] train/00053{3.51s}
I1216 18:03:35.840506 140321487697664 hlog.py:32] train/00054/loss 0.5477
I1216 18:03:35.840680 140321487697664 hlog.py:18] train/00054{3.50s}
I1216 18:03:39.440498 140321487697664 hlog.py:32] train/00055/loss 0.5422
I1216 18:03:39.440644 140321487697664 hlog.py:18] train/00055{3.60s}
I1216 18:03:42.996072 140321487697664 hlog.py:32] train/00056/loss 0.5003
I1216 18:03:42.996230 140321487697664 hlog.py:18] train/00056{3.56s}
I1216 18:03:46.564102 140321487697664 hlog.py:32] train/00057/loss 0.5173
I1216 18:03:46.564374 140321487697664 hlog.py:18] train/00057{3.57s}
I1216 18:03:50.103480 140321487697664 hlog.py:32] train/00058/loss 0.4931
I1216 18:03:50.103625 140321487697664 hlog.py:18] train/00058{3.54s}
I1216 18:03:53.604890 140321487697664 hlog.py:32] train/00059/loss 0.5083
I1216 18:03:53.605072 140321487697664 hlog.py:18] train/00059{3.50s}
I1216 18:03:57.207105 140321487697664 hlog.py:32] train/00060/loss 0.4828
I1216 18:03:57.207279 140321487697664 hlog.py:18] train/00060{3.60s}
I1216 18:04:00.683879 140321487697664 hlog.py:32] train/00061/loss 0.4846
I1216 18:04:00.684021 140321487697664 hlog.py:18] train/00061{3.48s}
I1216 18:04:04.140067 140321487697664 hlog.py:32] train/00062/loss 0.4869
I1216 18:04:04.140230 140321487697664 hlog.py:18] train/00062{3.46s}
I1216 18:04:07.630818 140321487697664 hlog.py:32] train/00063/loss 0.4740
I1216 18:04:07.630959 140321487697664 hlog.py:18] train/00063{3.49s}
I1216 18:04:11.195683 140321487697664 hlog.py:32] train/00064/loss 0.4756
I1216 18:04:11.195954 140321487697664 hlog.py:18] train/00064{3.56s}
I1216 18:04:14.655056 140321487697664 hlog.py:32] train/00065/loss 0.4510
I1216 18:04:14.655199 140321487697664 hlog.py:18] train/00065{3.46s}
I1216 18:04:18.194696 140321487697664 hlog.py:32] train/00066/loss 0.4640
I1216 18:04:18.194869 140321487697664 hlog.py:18] train/00066{3.54s}
I1216 18:04:21.752851 140321487697664 hlog.py:32] train/00067/loss 0.4417
I1216 18:04:21.753020 140321487697664 hlog.py:18] train/00067{3.56s}
I1216 18:04:25.228990 140321487697664 hlog.py:32] train/00068/loss 0.4299
I1216 18:04:25.229128 140321487697664 hlog.py:18] train/00068{3.48s}
I1216 18:04:28.808980 140321487697664 hlog.py:32] train/00069/loss 0.4442
I1216 18:04:28.809162 140321487697664 hlog.py:18] train/00069{3.58s}
I1216 18:04:32.312222 140321487697664 hlog.py:32] train/00070/loss 0.4313
I1216 18:04:32.312358 140321487697664 hlog.py:18] train/00070{3.50s}
I1216 18:04:35.823487 140321487697664 hlog.py:32] train/00071/loss 0.4357
I1216 18:04:35.823665 140321487697664 hlog.py:18] train/00071{3.51s}
I1216 18:04:39.361891 140321487697664 hlog.py:32] train/00072/loss 0.4146
I1216 18:04:39.362032 140321487697664 hlog.py:18] train/00072{3.54s}
I1216 18:04:42.877133 140321487697664 hlog.py:32] train/00073/loss 0.3931
I1216 18:04:42.877384 140321487697664 hlog.py:18] train/00073{3.52s}
I1216 18:04:46.458959 140321487697664 hlog.py:32] train/00074/loss 0.4149
I1216 18:04:46.459096 140321487697664 hlog.py:18] train/00074{3.58s}
I1216 18:04:50.043664 140321487697664 hlog.py:32] train/00075/loss 0.4047
I1216 18:04:50.043885 140321487697664 hlog.py:18] train/00075{3.58s}
I1216 18:04:53.513203 140321487697664 hlog.py:32] train/00076/loss 0.4045
I1216 18:04:53.513351 140321487697664 hlog.py:18] train/00076{3.47s}
I1216 18:04:57.055491 140321487697664 hlog.py:32] train/00077/loss 0.3820
I1216 18:04:57.055669 140321487697664 hlog.py:18] train/00077{3.54s}
I1216 18:05:00.635140 140321487697664 hlog.py:32] train/00078/loss 0.3894
I1216 18:05:00.635274 140321487697664 hlog.py:18] train/00078{3.58s}
I1216 18:05:04.172116 140321487697664 hlog.py:32] train/00079/loss 0.3838
I1216 18:05:04.172301 140321487697664 hlog.py:18] train/00079{3.54s}
I1216 18:05:07.770143 140321487697664 hlog.py:32] train/00080/loss 0.3701
I1216 18:05:07.770283 140321487697664 hlog.py:18] train/00080{3.60s}
I1216 18:05:11.241913 140321487697664 hlog.py:32] train/00081/loss 0.3713
I1216 18:05:11.242056 140321487697664 hlog.py:18] train/00081{3.47s}
I1216 18:05:14.791365 140321487697664 hlog.py:32] train/00082/loss 0.3715
I1216 18:05:14.791673 140321487697664 hlog.py:18] train/00082{3.55s}
I1216 18:05:18.375589 140321487697664 hlog.py:32] train/00083/loss 0.3975
I1216 18:05:18.375774 140321487697664 hlog.py:18] train/00083{3.58s}
I1216 18:05:21.864518 140321487697664 hlog.py:32] train/00084/loss 0.3668
I1216 18:05:21.864770 140321487697664 hlog.py:18] train/00084{3.49s}
I1216 18:05:25.359856 140321487697664 hlog.py:32] train/00085/loss 0.3707
I1216 18:05:25.359996 140321487697664 hlog.py:18] train/00085{3.50s}
I1216 18:05:28.905110 140321487697664 hlog.py:32] train/00086/loss 0.3607
I1216 18:05:28.905313 140321487697664 hlog.py:18] train/00086{3.55s}
I1216 18:05:32.467199 140321487697664 hlog.py:32] train/00087/loss 0.3459
I1216 18:05:32.467344 140321487697664 hlog.py:18] train/00087{3.56s}
I1216 18:05:36.067776 140321487697664 hlog.py:32] train/00088/loss 0.3426
I1216 18:05:36.067954 140321487697664 hlog.py:18] train/00088{3.60s}
I1216 18:05:39.648777 140321487697664 hlog.py:32] train/00089/loss 0.3305
I1216 18:05:39.648919 140321487697664 hlog.py:18] train/00089{3.58s}
I1216 18:05:43.086977 140321487697664 hlog.py:32] train/00090/loss 0.3380
I1216 18:05:43.087160 140321487697664 hlog.py:18] train/00090{3.44s}
I1216 18:05:46.654193 140321487697664 hlog.py:32] train/00091/loss 0.3375
I1216 18:05:46.654353 140321487697664 hlog.py:18] train/00091{3.57s}
I1216 18:05:50.194849 140321487697664 hlog.py:32] train/00092/loss 0.3481
I1216 18:05:50.195123 140321487697664 hlog.py:18] train/00092{3.54s}
I1216 18:05:53.727259 140321487697664 hlog.py:32] train/00093/loss 0.3107
I1216 18:05:53.727467 140321487697664 hlog.py:18] train/00093{3.53s}
I1216 18:05:57.236662 140321487697664 hlog.py:32] train/00094/loss 0.3210
I1216 18:05:57.236938 140321487697664 hlog.py:18] train/00094{3.51s}
I1216 18:06:00.742842 140321487697664 hlog.py:32] train/00095/loss 0.3226
I1216 18:06:00.742992 140321487697664 hlog.py:18] train/00095{3.51s}
I1216 18:06:04.191057 140321487697664 hlog.py:32] train/00096/loss 0.3227
I1216 18:06:04.191339 140321487697664 hlog.py:18] train/00096{3.45s}
I1216 18:06:07.740444 140321487697664 hlog.py:32] train/00097/loss 0.3122
I1216 18:06:07.740590 140321487697664 hlog.py:18] train/00097{3.55s}
I1216 18:06:11.323567 140321487697664 hlog.py:32] train/00098/loss 0.3174
I1216 18:06:11.323766 140321487697664 hlog.py:18] train/00098{3.58s}
I1216 18:06:14.874110 140321487697664 hlog.py:32] train/00099/loss 0.3154
I1216 18:06:14.874284 140321487697664 hlog.py:18] train/00099{3.55s}
I1216 18:06:14.874560 140321487697664 hlog.py:18] train{353.82s}
