# --noTEST
# --seed=0
# --dataset=lm
# --model_dir=model
# --n_checkpoint=10
# --device=cuda:0
# --nodedup
# --wug_size=4
# --wug_count=2
# --nocompute_adjacency
# --nouse_trie
# --template_sim=none
# --sim_window_size=2
# --variants=2
# --scan_split=add_prim_split
# --scan_file=addprim_jump
# --semparse_split=question
# --semparse_mrl=sql
# --val_fold=8
# --test_fold=9
# --lm_data_dir=/data/jda/wikidata/formatted/pus
# --n_emb=64
# --n_enc=512
# --dropout=0.0
# --nocopy_sup
# --n_epochs=512
# --n_epoch_batches=32
# --n_batch=64
# --lr=0.001
# --clip=1.0
# --sched_factor=0.5
# --nologtostderr
# --noalsologtostderr
# --log_dir=
# --verbosity=0
# --verbosity=0
# --stderrthreshold=fatal
# --showprefixforinfo
# --norun_with_pdb
# --nopdb_post_mortem
# --norun_with_profiling
# --use_cprofile_for_profiling
# --noonly_check_args
# --concat
# --augment=composed.0.json
# --write=augmented.0.txt
# --nohelp
# --nohelp
# --nohelpshort
# --nohelpfull
# --nohelpxml
# 
train 71360
aug 0
