=== 1/5 Counting and sorting n-grams ===
Reading /data/jda/metacomp2/exp/lm_pus/mkn/augmented.0.txt
----5---10---15---20---25---30---35---40---45---50---55---60---65---70---75---80---85---90---95--100
****************************************************************************************************
Unigram tokens 2192422 types 170677
=== 2/5 Calculating and sorting adjusted counts ===
Chain sizes: 1:2048124 2:2632777984 3:4936459264 4:7898334208 5:11518404608
Statistics:
1 170677 D1=0.715897 D2=1.05263 D3+=1.34922
2 874349 D1=0.82069 D2=1.13421 D3+=1.42814
3 1492862 D1=0.907637 D2=1.26778 D3+=1.41665
4 1738630 D1=0.954446 D2=1.39951 D3+=1.38656
5 1786167 D1=0.870879 D2=1.62164 D3+=1.85695
Memory estimate for binary LM:
type     MB
probing 128 assuming -p 1.5
probing 153 assuming -r models -p 1.5
trie     64 without quantization
trie     36 assuming -q 8 -b 8 quantization 
trie     57 assuming -a 22 array pointer compression
trie     29 assuming -a 22 -q 8 -b 8 array pointer compression and quantization
=== 3/5 Calculating and sorting initial probabilities ===
Chain sizes: 1:2048124 2:13989584 3:29857240 4:41727120 5:50012676
=== 4/5 Calculating and writing order-interpolated probabilities ===
Chain sizes: 1:2048124 2:13989584 3:29857240 4:41727120 5:50012676
=== 5/5 Writing ARPA model ===
Name:lmplz	VmPeak:26551552 kB	VmRSS:54216 kB	RSSMax:4728152 kB	user:12.088	sys:5.776	CPU:17.8667	real:13.6296
