=== 1/5 Counting and sorting n-grams ===
Reading /data/jda/metacomp2/exp/lm_na/mkn/augmented.0.txt
----5---10---15---20---25---30---35---40---45---50---55---60---65---70---75---80---85---90---95--100
****************************************************************************************************
Unigram tokens 47355 types 1068
=== 2/5 Calculating and sorting adjusted counts ===
Chain sizes: 1:12816 2:2632976384 3:4936830976 4:7898929152 5:11519272960
Statistics:
1 1068 D1=0.568733 D2=1.09358 D3+=1.58151
2 9289 D1=0.680946 D2=1.15144 D3+=1.56933
3 19938 D1=0.782022 D2=1.35295 D3+=1.73482
4 25359 D1=0.848717 D2=1.54371 D3+=1.81836
5 27208 D1=0.545339 D2=1.51638 D3+=2.54028
Memory estimate for binary LM:
type      kB
probing 1784 assuming -p 1.5
probing 2108 assuming -r models -p 1.5
trie     757 without quantization
trie     375 assuming -q 8 -b 8 quantization 
trie     706 assuming -a 22 array pointer compression
trie     323 assuming -a 22 -q 8 -b 8 array pointer compression and quantization
=== 3/5 Calculating and sorting initial probabilities ===
Chain sizes: 1:12816 2:148624 3:398760 4:608616 5:761824
=== 4/5 Calculating and writing order-interpolated probabilities ===
Chain sizes: 1:12816 2:148624 3:398760 4:608616 5:761824
=== 5/5 Writing ARPA model ===
Name:lmplz	VmPeak:26551532 kB	VmRSS:6180 kB	RSSMax:4656584 kB	user:1.632	sys:2.684	CPU:4.3176	real:4.2985
