=== 1/5 Counting and sorting n-grams ===
Reading /data/jda/wikidata/formatted/eng/train.txt
----5---10---15---20---25---30---35---40---45---50---55---60---65---70---75---80---85---90---95--100
****************************************************************************************************
Unigram tokens 1954451 types 81222
=== 2/5 Calculating and sorting adjusted counts ===
Chain sizes: 1:974664 2:2632882688 3:4936655360 4:7898648064 5:11518862336
Statistics:
1 81222 D1=0.666342 D2=1.0154 D3+=1.3646
2 671313 D1=0.773117 D2=1.12084 D3+=1.38753
3 1365294 D1=0.88543 D2=1.24056 D3+=1.43029
4 1673066 D1=0.950644 D2=1.35608 D3+=1.54682
5 1725349 D1=0.967762 D2=1.51409 D3+=1.50259
Memory estimate for binary LM:
type     MB
probing 116 assuming -p 1.5
probing 138 assuming -r models -p 1.5
trie     56 without quantization
trie     30 assuming -q 8 -b 8 quantization 
trie     50 assuming -a 22 array pointer compression
trie     24 assuming -a 22 -q 8 -b 8 array pointer compression and quantization
=== 3/5 Calculating and sorting initial probabilities ===
Chain sizes: 1:974664 2:10741008 3:27305880 4:40153584 5:48309772
=== 4/5 Calculating and writing order-interpolated probabilities ===
Chain sizes: 1:974664 2:10741008 3:27305880 4:40153584 5:48309772
=== 5/5 Writing ARPA model ===
Name:lmplz	VmPeak:26551544 kB	VmRSS:45660 kB	RSSMax:4725852 kB	user:11.064	sys:5.256	CPU:16.3236	real:12.9268
