=== 1/5 Counting and sorting n-grams ===
Reading /data/jda/metacomp2/exp/lm_eng/mkn/augmented.0.txt
----5---10---15---20---25---30---35---40---45---50---55---60---65---70---75---80---85---90---95--100
****************************************************************************************************
Unigram tokens 138602 types 16905
=== 2/5 Calculating and sorting adjusted counts ===
Chain sizes: 1:202860 2:2632957952 3:4936796672 4:7898874368 5:11519192064
Statistics:
1 16905 D1=0.668602 D2=0.947591 D3+=1.46394
2 67013 D1=0.827922 D2=1.2555 D3+=1.45417
3 97635 D1=0.913952 D2=1.27229 D3+=1.62706
4 107468 D1=0.955648 D2=1.34388 D3+=1.51805
5 109438 D1=0.776019 D2=1.9051 D3+=1.50379
Memory estimate for binary LM:
type       kB
probing  8730 assuming -p 1.5
probing 10391 assuming -r models -p 1.5
trie     4166 without quantization
trie     2305 assuming -q 8 -b 8 quantization 
trie     3839 assuming -a 22 array pointer compression
trie     1978 assuming -a 22 -q 8 -b 8 array pointer compression and quantization
=== 3/5 Calculating and sorting initial probabilities ===
Chain sizes: 1:202860 2:1072208 3:1952700 4:2579232 5:3064264
=== 4/5 Calculating and writing order-interpolated probabilities ===
Chain sizes: 1:202860 2:1072208 3:1952700 4:2579232 5:3064264
=== 5/5 Writing ARPA model ===
Name:lmplz	VmPeak:26551548 kB	VmRSS:6592 kB	RSSMax:4678192 kB	user:2.048	sys:3.064	CPU:5.11253	real:4.9313
